SF:lib/models/platform_info.dart
DA:13,1
DA:14,1
DA:15,1
LF:3
LH:3
end_of_record
SF:lib/models/event_controller.dart
DA:19,2
DA:25,1
DA:26,2
DA:27,1
DA:28,1
DA:30,1
DA:39,1
DA:40,2
DA:41,1
DA:43,3
DA:44,1
DA:51,1
DA:52,2
DA:53,1
DA:58,1
DA:59,1
DA:60,1
DA:64,1
DA:66,1
DA:67,2
DA:68,1
DA:70,2
DA:71,1
LF:23
LH:23
end_of_record
SF:lib/utilities/debate_events/src/lincoln_douglas.dart
DA:13,1
DA:14,1
DA:16,1
DA:17,1
DA:18,1
DA:19,1
DA:20,1
DA:21,1
DA:22,1
DA:23,1
DA:24,1
DA:27,1
DA:28,1
DA:33,1
DA:34,2
DA:36,1
DA:38,4
LF:17
LH:17
end_of_record
SF:lib/utilities/debate_events/src/public_forum.dart
DA:17,1
DA:18,1
DA:20,1
DA:21,1
DA:22,1
DA:23,1
DA:24,1
DA:25,1
DA:26,1
DA:27,1
DA:28,1
DA:29,1
DA:30,1
DA:31,1
DA:32,1
DA:35,1
DA:36,1
DA:41,1
DA:42,2
DA:44,1
DA:46,4
LF:21
LH:21
end_of_record
SF:lib/utilities/debate_events/src/policy.dart
DA:27,1
DA:28,1
DA:30,1
DA:31,1
DA:32,1
DA:33,1
DA:34,1
DA:35,1
DA:36,1
DA:37,1
DA:38,1
DA:39,1
DA:40,1
DA:41,1
DA:42,1
DA:43,1
DA:46,1
DA:47,1
DA:53,2
DA:54,2
DA:56,2
DA:57,2
DA:58,2
DA:59,2
DA:60,2
DA:61,2
DA:62,2
DA:63,2
DA:64,2
DA:65,2
DA:66,2
DA:67,2
DA:68,2
DA:69,2
DA:72,2
DA:73,2
DA:79,1
DA:80,1
DA:82,1
DA:83,1
DA:84,1
DA:85,1
DA:86,1
DA:87,1
DA:88,1
DA:89,1
DA:90,1
DA:91,1
DA:92,1
DA:93,1
DA:94,1
DA:95,1
DA:98,1
DA:99,1
DA:104,2
DA:105,4
DA:107,1
DA:109,4
LF:58
LH:58
end_of_record
SF:lib/utilities/debate_events/debate_events.dart
DA:14,2
DA:15,2
DA:19,2
LF:3
LH:3
end_of_record
SF:lib/models/simple_timer.dart
DA:54,7
DA:59,7
DA:60,34
DA:65,15
DA:68,2
DA:71,20
DA:74,12
DA:85,6
DA:86,18
DA:89,24
DA:97,7
DA:98,7
DA:99,12
DA:108,6
DA:109,8
DA:110,6
DA:111,6
DA:119,6
DA:120,6
DA:121,12
DA:129,6
DA:130,6
DA:131,6
DA:132,0
DA:133,0
DA:135,12
DA:136,12
DA:144,6
DA:145,18
DA:146,6
DA:149,12
LF:31
LH:29
end_of_record
SF:lib/models/speech.dart
DA:51,5
DA:57,5
DA:59,5
DA:62,10
DA:63,5
DA:64,1
DA:69,3
DA:70,3
DA:71,6
DA:75,4
DA:82,4
DA:83,4
DA:84,8
DA:88,4
DA:89,4
DA:90,8
DA:102,4
DA:107,4
DA:108,12
DA:109,8
DA:110,11
DA:111,4
DA:121,4
DA:122,4
DA:123,4
DA:124,2
DA:126,6
DA:128,8
DA:129,8
DA:130,4
DA:141,4
DA:142,4
DA:143,4
DA:144,2
DA:146,6
DA:148,8
DA:149,4
DA:155,4
DA:156,4
DA:157,8
DA:158,8
DA:159,4
DA:169,3
DA:170,3
DA:171,2
DA:172,4
DA:173,2
DA:174,2
DA:177,4
DA:178,2
DA:187,3
DA:188,3
DA:189,6
DA:193,4
DA:195,7
DA:196,4
DA:197,8
DA:198,4
DA:204,4
DA:205,4
DA:206,1
DA:212,1
DA:213,4
DA:217,1
DA:221,2
DA:222,0
LF:66
LH:65
end_of_record
SF:lib/models/speech_status.dart
DA:11,7
DA:13,7
DA:16,7
DA:19,7
DA:22,7
LF:5
LH:5
end_of_record
SF:lib/utilities/modals/src/show_time_signal.dart
DA:7,0
DA:9,0
DA:12,0
DA:14,0
DA:15,0
DA:17,0
DA:18,0
DA:20,0
DA:21,0
DA:23,0
DA:24,0
DA:26,0
DA:27,0
DA:30,0
DA:33,0
DA:37,0
DA:38,0
DA:40,0
DA:43,0
DA:44,0
DA:48,0
DA:49,0
DA:50,0
DA:51,0
DA:52,0
DA:54,0
DA:55,0
DA:57,0
DA:58,0
DA:60,0
DA:61,0
DA:63,0
DA:65,0
DA:67,0
DA:69,0
DA:77,0
DA:81,0
DA:82,0
LF:38
LH:0
end_of_record
SF:lib/utilities/modals/src/show_alert_dialog.dart
DA:7,0
DA:14,0
DA:18,0
DA:19,0
DA:20,0
DA:21,0
DA:22,0
DA:23,0
DA:25,0
DA:28,0
DA:29,0
DA:30,0
DA:31,0
DA:32,0
DA:33,0
DA:35,0
DA:41,0
DA:50,0
DA:54,0
DA:55,0
DA:56,0
DA:57,0
DA:58,0
DA:59,0
DA:61,0
DA:63,0
DA:64,0
DA:65,0
DA:66,0
DA:67,0
DA:69,0
DA:72,0
DA:73,0
DA:74,0
DA:75,0
DA:76,0
DA:77,0
DA:79,0
DA:81,0
DA:82,0
DA:83,0
DA:84,0
DA:85,0
DA:87,0
DA:93,0
DA:102,0
DA:106,0
DA:107,0
DA:108,0
DA:109,0
DA:110,0
DA:111,0
DA:113,0
DA:115,0
DA:117,0
DA:118,0
DA:119,0
DA:120,0
DA:122,0
DA:125,0
DA:126,0
DA:127,0
DA:128,0
DA:129,0
DA:130,0
DA:132,0
DA:134,0
DA:135,0
DA:136,0
DA:137,0
DA:138,0
DA:140,0
DA:142,0
DA:151,0
DA:160,0
DA:164,0
DA:165,0
DA:166,0
DA:167,0
DA:168,0
DA:169,0
DA:171,0
DA:173,0
DA:175,0
DA:176,0
DA:177,0
DA:178,0
DA:180,0
DA:183,0
DA:184,0
DA:185,0
DA:186,0
DA:187,0
DA:188,0
DA:190,0
DA:192,0
DA:193,0
DA:194,0
DA:195,0
DA:196,0
DA:198,0
DA:200,0
DA:209,0
DA:216,0
DA:217,0
DA:218,0
DA:220,0
DA:221,0
DA:222,0
DA:224,0
DA:229,0
DA:230,0
DA:232,0
DA:233,0
DA:234,0
DA:239,0
LF:116
LH:0
end_of_record
SF:lib/utilities/modals/src/time_signals/time_signals.dart
DA:5,7
DA:7,7
DA:10,7
DA:13,7
DA:16,7
DA:19,7
DA:22,7
DA:25,7
DA:28,7
DA:36,0
DA:37,0
DA:38,0
DA:39,0
LF:13
LH:9
end_of_record
SF:lib/utilities/modals/src/time_signals/min_or_sec.dart
DA:20,0
DA:21,0
DA:28,0
DA:29,0
DA:31,0
LF:5
LH:0
end_of_record
SF:lib/models/debate_event.dart
DA:31,2
DA:35,1
DA:36,1
DA:37,1
DA:38,2
DA:39,4
DA:42,3
DA:45,4
DA:51,1
DA:52,6
DA:53,1
DA:55,5
DA:56,1
DA:64,1
DA:65,5
DA:66,1
DA:68,5
DA:69,1
DA:82,1
DA:88,1
DA:89,1
DA:90,2
DA:91,1
DA:92,1
DA:93,1
DA:94,0
DA:95,0
DA:102,2
DA:104,4
DA:105,2
DA:107,4
DA:108,2
DA:109,2
DA:110,2
DA:118,0
DA:119,0
DA:120,0
DA:125,0
DA:126,0
DA:127,0
DA:128,0
DA:131,0
DA:132,0
LF:43
LH:32
end_of_record
SF:lib/models/prep_time_mixin.dart
DA:33,1
DA:34,1
DA:35,1
DA:37,1
DA:53,3
DA:54,1
DA:55,6
DA:56,3
DA:57,3
DA:58,6
DA:59,6
DA:61,6
DA:67,3
DA:68,9
DA:69,3
DA:71,6
DA:77,1
DA:78,1
DA:79,3
DA:85,2
DA:90,3
DA:95,1
DA:96,2
DA:102,1
DA:103,1
DA:104,3
DA:105,1
DA:111,1
DA:112,1
DA:113,3
DA:114,1
DA:120,1
DA:121,3
DA:127,1
DA:128,1
DA:129,3
DA:130,1
DA:136,1
DA:137,1
DA:138,3
DA:144,1
DA:145,1
DA:146,4
DA:150,3
DA:155,1
DA:156,2
DA:157,1
LF:47
LH:47
end_of_record
SF:lib/models/event.dart
DA:30,4
DA:31,1
DA:32,1
DA:33,1
DA:36,9
DA:39,9
DA:42,3
DA:43,6
DA:44,3
DA:48,3
DA:49,6
DA:50,3
DA:54,3
DA:55,6
DA:56,3
DA:60,2
DA:61,4
DA:62,2
DA:73,4
DA:75,4
LF:20
LH:20
end_of_record
SF:lib/models/team.dart
DA:7,5
DA:9,5
DA:12,5
DA:21,1
DA:22,2
DA:23,2
DA:30,1
DA:31,2
DA:32,4
LF:9
LH:9
end_of_record
SF:lib/models/speech_event.dart
DA:16,1
DA:20,1
DA:21,1
DA:22,1
DA:23,1
DA:33,1
DA:39,1
DA:40,1
DA:41,2
DA:42,1
DA:43,2
DA:44,0
DA:49,1
DA:51,2
DA:52,1
DA:53,1
LF:16
LH:15
end_of_record
