SF:lib/models/platform_info.dart
DA:13,1
DA:14,1
DA:15,1
LF:3
LH:3
end_of_record
SF:lib/models/event_controller.dart
DA:19,2
DA:25,1
DA:26,2
DA:27,1
DA:28,1
DA:30,1
DA:39,1
DA:40,2
DA:41,1
DA:43,3
DA:44,1
DA:51,1
DA:52,2
DA:53,1
DA:58,1
DA:59,1
DA:60,1
DA:64,1
DA:66,1
DA:67,2
DA:68,1
DA:70,2
DA:71,1
LF:23
LH:23
end_of_record
SF:lib/utilities/debate_events/src/lincoln_douglas.dart
DA:13,1
DA:14,1
DA:16,1
DA:17,1
DA:18,1
DA:19,1
DA:20,1
DA:21,1
DA:22,1
DA:23,1
DA:24,1
DA:27,1
DA:28,1
DA:33,1
DA:34,2
DA:36,1
DA:38,4
LF:17
LH:17
end_of_record
SF:lib/utilities/debate_events/src/public_forum.dart
DA:17,1
DA:18,1
DA:20,1
DA:21,1
DA:22,1
DA:23,1
DA:24,1
DA:25,1
DA:26,1
DA:27,1
DA:28,1
DA:29,1
DA:30,1
DA:31,1
DA:32,1
DA:35,1
DA:36,1
DA:41,1
DA:42,2
DA:44,1
DA:46,4
LF:21
LH:21
end_of_record
SF:lib/utilities/debate_events/src/policy.dart
DA:27,1
DA:28,1
DA:30,1
DA:31,1
DA:32,1
DA:33,1
DA:34,1
DA:35,1
DA:36,1
DA:37,1
DA:38,1
DA:39,1
DA:40,1
DA:41,1
DA:42,1
DA:43,1
DA:46,1
DA:47,1
DA:53,2
DA:54,2
DA:56,2
DA:57,2
DA:58,2
DA:59,2
DA:60,2
DA:61,2
DA:62,2
DA:63,2
DA:64,2
DA:65,2
DA:66,2
DA:67,2
DA:68,2
DA:69,2
DA:72,2
DA:73,2
DA:79,1
DA:80,1
DA:82,1
DA:83,1
DA:84,1
DA:85,1
DA:86,1
DA:87,1
DA:88,1
DA:89,1
DA:90,1
DA:91,1
DA:92,1
DA:93,1
DA:94,1
DA:95,1
DA:98,1
DA:99,1
DA:104,2
DA:105,4
DA:107,1
DA:109,4
LF:58
LH:58
end_of_record
SF:lib/utilities/debate_events/debate_events.dart
DA:14,2
DA:15,2
DA:19,2
LF:3
LH:3
end_of_record
SF:lib/models/simple_timer.dart
DA:51,7
DA:56,7
DA:57,34
DA:62,15
DA:66,2
DA:69,20
DA:72,12
DA:83,6
DA:84,18
DA:85,6
DA:86,24
DA:94,7
DA:95,7
DA:96,12
DA:105,5
DA:106,7
DA:107,5
DA:108,5
DA:116,6
DA:117,6
DA:118,12
DA:126,6
DA:127,6
DA:128,6
DA:129,2
DA:130,4
DA:132,12
DA:133,12
DA:141,6
DA:142,18
DA:143,6
DA:146,10
LF:32
LH:32
end_of_record
SF:lib/models/speech.dart
DA:51,5
DA:57,5
DA:59,5
DA:62,14
DA:63,5
DA:64,1
DA:69,3
DA:70,3
DA:71,6
DA:75,2
DA:82,4
DA:83,4
DA:84,8
DA:88,4
DA:89,4
DA:90,8
DA:101,4
DA:106,4
DA:108,3
DA:112,4
DA:113,12
DA:114,8
DA:115,4
DA:116,4
DA:126,4
DA:127,4
DA:128,4
DA:129,2
DA:131,6
DA:133,8
DA:134,8
DA:135,4
DA:146,4
DA:147,4
DA:148,4
DA:149,2
DA:151,6
DA:153,8
DA:154,4
DA:160,4
DA:161,4
DA:162,8
DA:163,8
DA:164,4
DA:174,3
DA:175,3
DA:176,2
DA:177,4
DA:178,2
DA:179,2
DA:182,4
DA:183,2
DA:192,3
DA:193,3
DA:194,6
DA:198,4
DA:200,7
DA:201,4
DA:202,8
DA:203,4
DA:209,4
DA:210,4
DA:211,1
DA:217,1
DA:218,4
DA:222,1
DA:226,2
DA:227,0
LF:68
LH:67
end_of_record
SF:lib/models/speech_status.dart
DA:11,7
DA:13,7
DA:16,7
DA:19,7
DA:22,7
LF:5
LH:5
end_of_record
SF:lib/utilities/modals/src/show_time_signal.dart
DA:9,0
DA:11,0
DA:14,0
DA:16,0
DA:17,0
DA:19,0
DA:20,0
DA:22,0
DA:23,0
DA:25,0
DA:26,0
DA:28,0
DA:29,0
DA:32,0
DA:35,0
DA:39,0
DA:40,0
DA:42,0
DA:45,0
DA:46,0
DA:50,0
DA:51,0
DA:52,0
DA:53,0
DA:54,0
DA:56,0
DA:57,0
DA:59,0
DA:60,0
DA:62,0
DA:63,0
DA:65,0
DA:67,0
DA:69,0
DA:71,0
DA:79,0
DA:83,0
DA:84,0
LF:38
LH:0
end_of_record
SF:lib/utilities/modals/src/show_alert_dialog.dart
DA:9,0
DA:16,0
DA:20,0
DA:21,0
DA:22,0
DA:23,0
DA:24,0
DA:25,0
DA:27,0
DA:30,0
DA:31,0
DA:32,0
DA:33,0
DA:34,0
DA:35,0
DA:37,0
DA:43,0
DA:52,0
DA:56,0
DA:57,0
DA:58,0
DA:59,0
DA:60,0
DA:61,0
DA:63,0
DA:65,0
DA:66,0
DA:67,0
DA:68,0
DA:69,0
DA:71,0
DA:74,0
DA:75,0
DA:76,0
DA:77,0
DA:78,0
DA:79,0
DA:81,0
DA:83,0
DA:84,0
DA:85,0
DA:86,0
DA:87,0
DA:89,0
DA:95,0
DA:104,0
DA:108,0
DA:109,0
DA:110,0
DA:111,0
DA:112,0
DA:113,0
DA:115,0
DA:117,0
DA:119,0
DA:120,0
DA:121,0
DA:122,0
DA:124,0
DA:127,0
DA:128,0
DA:129,0
DA:130,0
DA:131,0
DA:132,0
DA:134,0
DA:136,0
DA:137,0
DA:138,0
DA:139,0
DA:140,0
DA:142,0
DA:144,0
DA:153,0
DA:162,0
DA:166,0
DA:167,0
DA:168,0
DA:169,0
DA:170,0
DA:171,0
DA:173,0
DA:175,0
DA:177,0
DA:178,0
DA:179,0
DA:180,0
DA:182,0
DA:185,0
DA:186,0
DA:187,0
DA:188,0
DA:189,0
DA:190,0
DA:192,0
DA:194,0
DA:195,0
DA:196,0
DA:197,0
DA:198,0
DA:200,0
DA:202,0
DA:211,0
DA:218,0
DA:219,0
DA:220,0
DA:222,0
DA:223,0
DA:224,0
DA:226,0
DA:231,0
DA:232,0
DA:234,0
DA:235,0
DA:236,0
DA:241,0
LF:116
LH:0
end_of_record
SF:lib/utilities/modals/src/time_signals/time_signals.dart
DA:7,7
DA:9,7
DA:12,7
DA:15,7
DA:18,7
DA:21,7
DA:24,7
DA:27,7
DA:30,7
DA:38,0
DA:39,0
DA:40,0
DA:41,0
LF:13
LH:9
end_of_record
SF:lib/utilities/modals/src/time_signals/min_or_sec.dart
DA:22,0
DA:23,0
DA:30,0
DA:31,0
DA:33,0
LF:5
LH:0
end_of_record
SF:lib/models/debate_event.dart
DA:31,2
DA:35,1
DA:36,1
DA:37,1
DA:38,2
DA:39,4
DA:42,3
DA:45,4
DA:51,1
DA:52,6
DA:53,1
DA:55,5
DA:56,1
DA:64,1
DA:65,5
DA:66,1
DA:68,5
DA:69,1
DA:82,1
DA:88,1
DA:89,1
DA:90,2
DA:91,1
DA:92,1
DA:93,1
DA:94,0
DA:95,0
DA:102,2
DA:104,4
DA:105,2
DA:107,4
DA:108,2
DA:109,2
DA:110,2
DA:118,0
DA:119,0
DA:120,0
DA:125,0
DA:126,0
DA:127,0
DA:128,0
DA:131,0
DA:132,0
LF:43
LH:32
end_of_record
SF:lib/models/prep_time_mixin.dart
DA:33,1
DA:34,1
DA:35,1
DA:37,1
DA:53,3
DA:54,1
DA:55,6
DA:56,3
DA:57,3
DA:58,6
DA:59,6
DA:61,6
DA:67,3
DA:68,9
DA:69,3
DA:71,6
DA:77,1
DA:78,1
DA:79,3
DA:85,2
DA:90,3
DA:95,1
DA:96,2
DA:102,1
DA:103,1
DA:104,3
DA:105,1
DA:111,1
DA:112,1
DA:113,3
DA:114,1
DA:120,1
DA:121,3
DA:127,1
DA:128,1
DA:129,3
DA:130,1
DA:136,1
DA:137,1
DA:138,3
DA:144,1
DA:145,1
DA:146,4
DA:150,3
DA:155,1
DA:156,2
DA:157,1
LF:47
LH:47
end_of_record
SF:lib/models/event.dart
DA:30,4
DA:31,1
DA:32,1
DA:33,1
DA:36,9
DA:39,9
DA:42,3
DA:43,6
DA:44,3
DA:48,3
DA:49,6
DA:50,3
DA:54,3
DA:55,6
DA:56,3
DA:60,2
DA:61,4
DA:62,2
DA:73,4
DA:75,4
LF:20
LH:20
end_of_record
SF:lib/models/team.dart
DA:7,5
DA:9,5
DA:12,5
DA:21,1
DA:22,2
DA:23,2
DA:30,1
DA:31,2
DA:32,4
LF:9
LH:9
end_of_record
SF:lib/models/speech_event.dart
DA:16,1
DA:20,1
DA:21,1
DA:22,1
DA:23,1
DA:33,1
DA:39,1
DA:40,1
DA:41,2
DA:42,1
DA:43,2
DA:44,0
DA:49,1
DA:51,2
DA:52,1
DA:53,1
LF:16
LH:15
end_of_record
